<?xml version="1.0" encoding="UTF-8"?>
<!-- Generated by org.testng.reporters.JUnitXMLReporter -->
<testsuite ignored="4" hostname="a" failures="0" tests="1" name="Default test" time="28.374" errors="0" timestamp="2023-05-17T17:49:38 IST">
  <testcase classname="TestCases.ToVerifyHomepage" name="toVerifyHeader" time="14.488"/>
  <testcase classname="TestCases.ToVerifyHomepage" name="footer" time="0.0">
    <ignored/>
  </testcase> <!-- footer -->
  <testcase classname="TestCases.ToVerifyHomepage" name="toVerifyMeanubar" time="0.0">
    <ignored/>
  </testcase> <!-- toVerifyMeanubar -->
  <testcase classname="TestCases.ToVerifyHomepage" name="carouselItems" time="0.0">
    <ignored/>
  </testcase> <!-- carouselItems -->
  <testcase classname="TestCases.ToVerifyHomepage" name="featuredItems" time="0.0">
    <ignored/>
  </testcase> <!-- featuredItems -->
</testsuite> <!-- Default test -->
