<?xml version="1.0" encoding="UTF-8"?>
<testng-results ignored="4" total="5" passed="1" failed="0" skipped="0">
  <reporter-output>
  </reporter-output>
  <suite started-at="2023-05-17T17:49:09 IST" name="Default suite" finished-at="2023-05-17T17:49:38 IST" duration-ms="28374">
    <groups>
    </groups>
    <test started-at="2023-05-17T17:49:09 IST" name="Default test" finished-at="2023-05-17T17:49:38 IST" duration-ms="28374">
      <class name="TestCases.ToVerifyHomepage">
        <test-method is-config="true" signature="openDriver()[pri:0, instance:TestCases.ToVerifyHomepage@479d31f3]" started-at="2023-05-17T17:49:10 IST" name="openDriver" finished-at="2023-05-17T17:49:23 IST" duration-ms="13663" status="PASS">
          <reporter-output>
          </reporter-output>
        </test-method> <!-- openDriver -->
        <test-method signature="toVerifyHeader()[pri:-1, instance:TestCases.ToVerifyHomepage@479d31f3]" started-at="2023-05-17T17:49:23 IST" name="toVerifyHeader" finished-at="2023-05-17T17:49:38 IST" duration-ms="14488" status="PASS">
          <reporter-output>
          </reporter-output>
        </test-method> <!-- toVerifyHeader -->
      </class> <!-- TestCases.ToVerifyHomepage -->
    </test> <!-- Default test -->
  </suite> <!-- Default suite -->
</testng-results>
